# JRE version: OpenJDK Runtime Environment (8.0_112-b06) (build 1.8.0_112-release-b06)
# Java VM: OpenJDK 64-Bit Server VM (25.112-b06 mixed mode linux-amd64 compressed oops)
Heap:
 PSYoungGen      total 121344K, used 28666K [0x00000000eab00000, 0x00000000f4880000, 0x0000000100000000)
  eden space 92672K, 0% used [0x00000000eab00000,0x00000000eab00000,0x00000000f0580000)
  from space 28672K, 99% used [0x00000000f1080000,0x00000000f2c7ebc0,0x00000000f2c80000)
  to   space 20480K, 0% used [0x00000000f3480000,0x00000000f3480000,0x00000000f4880000)
 ParOldGen       total 79360K, used 38004K [0x00000000c0000000, 0x00000000c4d80000, 0x00000000eab00000)
  object space 79360K, 47% used [0x00000000c0000000,0x00000000c251d380,0x00000000c4d80000)
 Metaspace       used 5824K, capacity 7024K, committed 7296K, reserved 1056768K
  class space    used 561K, capacity 616K, committed 640K, reserved 1048576K
GC Heap History (10 events):
Event: 4.428 GC heap after
Heap after GC invocations=3 (full 0):
 PSYoungGen      total 30720K, used 2025K [0x00000000eab00000, 0x00000000ee700000, 0x0000000100000000)
  eden space 28672K, 0% used [0x00000000eab00000,0x00000000eab00000,0x00000000ec700000)
  from space 2048K, 98% used [0x00000000ec700000,0x00000000ec8fa658,0x00000000ec900000)
  to   space 2048K, 0% used [0x00000000ee500000,0x00000000ee500000,0x00000000ee700000)
 ParOldGen       total 36864K, used 13293K [0x00000000c0000000, 0x00000000c2400000, 0x00000000eab00000)
  object space 36864K, 36% used [0x00000000c0000000,0x00000000c0cfb550,0x00000000c2400000)
 Metaspace       used 5608K, capacity 6832K, committed 7040K, reserved 1056768K
  class space    used 556K, capacity 616K, committed 640K, reserved 1048576K
}
Event: 4.775 GC heap before
{Heap before GC invocations=4 (full 0):
 PSYoungGen      total 30720K, used 30697K [0x00000000eab00000, 0x00000000ee700000, 0x0000000100000000)
  eden space 28672K, 100% used [0x00000000eab00000,0x00000000ec700000,0x00000000ec700000)
  from space 2048K, 98% used [0x00000000ec700000,0x00000000ec8fa658,0x00000000ec900000)
  to   space 2048K, 0% used [0x00000000ee500000,0x00000000ee500000,0x00000000ee700000)
 ParOldGen       total 36864K, used 13293K [0x00000000c0000000, 0x00000000c2400000, 0x00000000eab00000)
  object space 36864K, 36% used [0x00000000c0000000,0x00000000c0cfb550,0x00000000c2400000)
 Metaspace       used 5632K, capacity 6896K, committed 7040K, reserved 1056768K
  class space    used 556K, capacity 616K, committed 640K, reserved 1048576K
Event: 4.812 GC heap after
Heap after GC invocations=4 (full 0):
 PSYoungGen      total 59392K, used 2027K [0x00000000eab00000, 0x00000000ee700000, 0x0000000100000000)
  eden space 57344K, 0% used [0x00000000eab00000,0x00000000eab00000,0x00000000ee300000)
  from space 2048K, 99% used [0x00000000ee500000,0x00000000ee6fafe8,0x00000000ee700000)
  to   space 2048K, 0% used [0x00000000ee300000,0x00000000ee300000,0x00000000ee500000)
 ParOldGen       total 36864K, used 22925K [0x00000000c0000000, 0x00000000c2400000, 0x00000000eab00000)
  object space 36864K, 62% used [0x00000000c0000000,0x00000000c1663658,0x00000000c2400000)
 Metaspace       used 5632K, capacity 6896K, committed 7040K, reserved 1056768K
  class space    used 556K, capacity 616K, committed 640K, reserved 1048576K
}
Event: 5.268 GC heap before
{Heap before GC invocations=5 (full 0):
 PSYoungGen      total 59392K, used 59371K [0x00000000eab00000, 0x00000000ee700000, 0x0000000100000000)
  eden space 57344K, 100% used [0x00000000eab00000,0x00000000ee300000,0x00000000ee300000)
  from space 2048K, 99% used [0x00000000ee500000,0x00000000ee6fafe8,0x00000000ee700000)
  to   space 2048K, 0% used [0x00000000ee300000,0x00000000ee300000,0x00000000ee500000)
 ParOldGen       total 36864K, used 22925K [0x00000000c0000000, 0x00000000c2400000, 0x00000000eab00000)
  object space 36864K, 62% used [0x00000000c0000000,0x00000000c1663658,0x00000000c2400000)
 Metaspace       used 5701K, capacity 6960K, committed 7040K, reserved 1056768K
  class space    used 558K, capacity 616K, committed 640K, reserved 1048576K
Event: 5.311 GC heap after
Heap after GC invocations=5 (full 0):
 PSYoungGen      total 59392K, used 2021K [0x00000000eab00000, 0x00000000f4e00000, 0x0000000100000000)
  eden space 57344K, 0% used [0x00000000eab00000,0x00000000eab00000,0x00000000ee300000)
  from space 2048K, 98% used [0x00000000ee300000,0x00000000ee4f9478,0x00000000ee500000)
  to   space 26112K, 0% used [0x00000000f3480000,0x00000000f3480000,0x00000000f4e00000)
 ParOldGen       total 49152K, used 47199K [0x00000000c0000000, 0x00000000c3000000, 0x00000000eab00000)
  object space 49152K, 96% used [0x00000000c0000000,0x00000000c2e17d58,0x00000000c3000000)
 Metaspace       used 5701K, capacity 6960K, committed 7040K, reserved 1056768K
  class space    used 558K, capacity 616K, committed 640K, reserved 1048576K
}
Event: 5.311 GC heap before
{Heap before GC invocations=6 (full 1):
 PSYoungGen      total 59392K, used 2021K [0x00000000eab00000, 0x00000000f4e00000, 0x0000000100000000)
  eden space 57344K, 0% used [0x00000000eab00000,0x00000000eab00000,0x00000000ee300000)
  from space 2048K, 98% used [0x00000000ee300000,0x00000000ee4f9478,0x00000000ee500000)
  to   space 26112K, 0% used [0x00000000f3480000,0x00000000f3480000,0x00000000f4e00000)
 ParOldGen       total 49152K, used 47199K [0x00000000c0000000, 0x00000000c3000000, 0x00000000eab00000)
  object space 49152K, 96% used [0x00000000c0000000,0x00000000c2e17d58,0x00000000c3000000)
 Metaspace       used 5701K, capacity 6960K, committed 7040K, reserved 1056768K
  class space    used 558K, capacity 616K, committed 640K, reserved 1048576K
Event: 5.536 GC heap after
Heap after GC invocations=6 (full 1):
 PSYoungGen      total 59392K, used 0K [0x00000000eab00000, 0x00000000f4e00000, 0x0000000100000000)
  eden space 57344K, 0% used [0x00000000eab00000,0x00000000eab00000,0x00000000ee300000)
  from space 2048K, 0% used [0x00000000ee300000,0x00000000ee300000,0x00000000ee500000)
  to   space 26112K, 0% used [0x00000000f3480000,0x00000000f3480000,0x00000000f4e00000)
 ParOldGen       total 79360K, used 36156K [0x00000000c0000000, 0x00000000c4d80000, 0x00000000eab00000)
  object space 79360K, 45% used [0x00000000c0000000,0x00000000c234f2a8,0x00000000c4d80000)
 Metaspace       used 5701K, capacity 6960K, committed 7040K, reserved 1056768K
  class space    used 558K, capacity 616K, committed 640K, reserved 1048576K
}
Event: 5.937 GC heap before
{Heap before GC invocations=7 (full 1):
 PSYoungGen      total 59392K, used 57344K [0x00000000eab00000, 0x00000000f4e00000, 0x0000000100000000)
  eden space 57344K, 100% used [0x00000000eab00000,0x00000000ee300000,0x00000000ee300000)
  from space 2048K, 0% used [0x00000000ee300000,0x00000000ee300000,0x00000000ee500000)
  to   space 26112K, 0% used [0x00000000f3480000,0x00000000f3480000,0x00000000f4e00000)
 ParOldGen       total 79360K, used 36156K [0x00000000c0000000, 0x00000000c4d80000, 0x00000000eab00000)
  object space 79360K, 45% used [0x00000000c0000000,0x00000000c234f2a8,0x00000000c4d80000)
 Metaspace       used 5759K, capacity 6960K, committed 7040K, reserved 1056768K
  class space    used 558K, capacity 616K, committed 640K, reserved 1048576K
Event: 5.961 GC heap after
Heap after GC invocations=7 (full 1):
 PSYoungGen      total 113152K, used 20354K [0x00000000eab00000, 0x00000000f4880000, 0x0000000100000000)
  eden space 92672K, 0% used [0x00000000eab00000,0x00000000eab00000,0x00000000f0580000)
  from space 20480K, 99% used [0x00000000f3480000,0x00000000f4860ad8,0x00000000f4880000)
  to   space 28672K, 0% used [0x00000000f1080000,0x00000000f1080000,0x00000000f2c80000)
 ParOldGen       total 79360K, used 36164K [0x00000000c0000000, 0x00000000c4d80000, 0x00000000eab00000)
  object space 79360K, 45% used [0x00000000c0000000,0x00000000c23512a8,0x00000000c4d80000)
 Metaspace       used 5759K, capacity 6960K, committed 7040K, reserved 1056768K
  class space    used 558K, capacity 616K, committed 640K, reserved 1048576K
}
Event: 6.554 GC heap before
{Heap before GC invocations=8 (full 1):
 PSYoungGen      total 113152K, used 113026K [0x00000000eab00000, 0x00000000f4880000, 0x0000000100000000)
  eden space 92672K, 100% used [0x00000000eab00000,0x00000000f0580000,0x00000000f0580000)
  from space 20480K, 99% used [0x00000000f3480000,0x00000000f4860ad8,0x00000000f4880000)
  to   space 28672K, 0% used [0x00000000f1080000,0x00000000f1080000,0x00000000f2c80000)
 ParOldGen       total 79360K, used 36164K [0x00000000c0000000, 0x00000000c4d80000, 0x00000000eab00000)
  object space 79360K, 45% used [0x00000000c0000000,0x00000000c23512a8,0x00000000c4d80000)
 Metaspace       used 5824K, capacity 7024K, committed 7296K, reserved 1056768K
  class space    used 561K, capacity 616K, committed 640K, reserved 1048576K

